500
0 4538 6382 4442 4285 5312 1491 3610 7869 6607 1082 9369 2962 1784 2288 5412 2 321 
1 7043 8233 1418 4288 1208 4537 3904 1181 8215 1560 3126 7280 2327 5064 1774 2962 
2 6272 8286 3818 3199 2185 4895 4668 2402 9159 865 9514 9669 9050 7454 6635 1552 4765 3982 7762 7762 745 2288 7699 979 2962 
3 5289 9446 6713 1760 1945 4152 5946 5378 592 8484 7481 1752 79 
4 7002 6433 2270 9590 9372 7217 2168 4837 8822 2212 2668 745 3894 4199 
5 8755 6629 6033 1896 172 1930 4046 2110 2202 5126 5156 7429 
6 6882 6448 123 2556 3094 5186 6093 7454 2017 6339 1042 9007 2962 
7 8545 8358 3990 6119 1973 6348 5608 2073 9343 8114 122 2340 2555 
8 4466 9440 4432 6860 4854 1881 5928 4329 6248 9513 3219 7206 1956 2114 5677 4199 
9 7598 4543 8310 4785 3701 8164 5932 5907 4270 9173 7755 1106 4170 3894 7153 
10 6257 6678 4551 7567 9371 3699 7573 2729 3902 3198 1391 960 7240 321 
11 2647 5110 9685 1743 1278 8635 9692 1664 7768 3901 8450 7992 9244 
12 3870 5920 3695 1377 4451 7816 506 9841 4846 6669 2349 9013 
13 7006 8353 5255 4383 9022 2833 5252 5511 2411 4752 9224 5412 5715 
14 2584 7847 5135 1369 3375 6094 2373 3402 4897 4432 6534 2643 
15 4677 4435 8184 5796 9098 360 3466 4121 2675 7616 3789 5768 7367 7266 
16 9262 2826 6309 8941 1280 8437 7433 6609 5870 8008 2704 9533 2240 
17 6277 6637 3987 1609 4622 7909 3516 356 1643 9481 1953 5232 3543 8406 979 
18 7757 716 2719 2503 7657 9622 5703 8267 7980 9782 7585 3408 6250 6458 
19 5107 6597 3815 9128 4827 9550 9208 8756 7782 4176 6613 
20 7358 8056 5663 2431 4729 5082 8137 7859 1475 3352 7590 3766 2340 7652 2555 
21 7262 3825 9793 1502 5598 2694 5761 1357 9107 2643 6101 5880 
22 3616 5284 2148 7614 7965 5083 9936 1218 3733 1418 9576 3842 7053 3830 2240 
23 6299 3315 629 5119 6735 3137 7559 3863 3076 2978 2349 2 
24 8067 7666 4869 2999 982 2782 1714 296 7359 4347 7216 1979 79 
25 9978 7227 3710 3614 5986 3274 121 4334 6729 2114 
26 421 2055 9340 6733 9412 4212 7524 6757 7907 4572 3799 5326 7762 
27 9891 9361 5409 9455 6837 3417 44 464 5743 4684 8896 5748 
28 2015 6090 9046 1849 7779 2846 2736 8463 8463 8463 2885 3119 6101 
29 8463 8463 8463 8463 8463 8463 8463 8463 5664 1043 9270 1534 3894 
30 8463 8463 8463 8463 8463 8463 8463 8463 2428 2983 
31 8463 8463 8463 8463 8463 8463 8463 8463 7309 5448 7296 
32 8463 8463 8463 8463 8463 8463 8463 8463 605 8931 5869 9007 
33 1321 8066 2948 5623 7554 3410 316 6013 9658 5810 7732 
34 8463 8463 8463 8463 8463 8463 8463 8463 8837 5547 3089 5869 
35 4889 6300 4873 6693 2420 6461 9154 6334 3666 563 2168 8733 8910 
36 8463 8463 8463 8463 8463 8463 8463 8463 5415 4843 4985 2288 2240 
37 8463 8463 8463 8463 8463 8463 8463 8463 8376 6946 1774 
38 8463 8463 8463 8463 8463 8463 8463 8463 6354 1933 9499 3894 
39 8463 8463 8463 8463 8463 8463 8463 8463 4836 1794 4045 2240 
40 8463 8463 8463 8463 8463 8463 8463 8463 1314 1670 7163 843 3074 
41 8463 8463 8463 8463 8463 8463 8463 8463 6902 3012 2240 
42 8463 8463 8463 8463 8463 8463 8463 8463 9746 6320 1670 979 
43 8463 8463 8463 8463 8463 8463 8463 8463 4244 3923 5902 7992 6327 2962 
44 8463 8463 8463 8463 8463 8463 8463 8463 1344 8775 2 
45 8463 8463 8463 8463 8463 8463 8463 8463 5372 3427 9007 
46 8463 8463 8463 8463 8463 8463 8463 8463 604 4362 5458 5715 
47 8463 8463 8463 8463 8463 8463 8463 8463 4934 4526 
48 8463 8463 8463 8463 8463 8463 8463 8463 446 8887 3914 
49 8463 8463 8463 8463 8463 8463 8463 8463 446 3172 991 
50 8463 8463 8463 8463 8463 8463 8463 8463 446 6046 9461 1238 9968 
51 8463 8463 8463 8463 8463 8463 8463 8463 446 3434 6547 
52 8463 8463 8463 8463 8463 8463 8463 8463 446 4354 7732 7413 
53 2009 1399 940 2334 7913 8740 7402 4928 399 5748 
54 8463 8463 8463 8463 8463 8463 8463 8463 446 8593 1557 7575 5962 
55 5498 1909 2691 8746 446 446 446 446 446 1831 2699 1238 5715 
56 446 446 446 446 446 446 446 446 446 446 446 446 1579 3074 321 
57 8463 8463 8463 8463 8463 8463 8463 8463 446 7050 399 3023 321 
58 8463 8463 8463 8463 8463 8463 8463 8463 446 7929 6855 732 7296 321 
59 8463 8463 8463 8463 8463 8463 8463 8463 446 6970 7088 6692 
60 8463 8463 8463 8463 8463 8463 8463 8463 446 7569 9688 9013 
61 8463 8463 8463 8463 8463 8463 8463 8463 446 1948 2288 
62 8463 8463 8463 8463 8463 8463 8463 8463 446 6413 2327 427 79 
63 8463 8463 8463 8463 8463 8463 8463 8463 446 7349 221 6613 
64 8463 8463 8463 8463 8463 8463 8463 8463 446 7163 1934 7699 
65 8463 8463 8463 8463 8463 8463 8463 8463 446 2817 838 79 
66 446 446 446 446 446 446 446 446 446 446 446 446 7618 9197 5762 
67 8463 8463 8463 8463 8463 8463 8463 8463 446 2693 4340 8711 79 
68 8463 8463 8463 8463 8463 8463 8463 8463 446 9551 3043 352 8406 
69 8463 8463 8463 8463 8463 8463 8463 8463 446 8908 4884 7133 7438 
70 8463 8463 8463 8463 8463 8463 8463 8463 446 6771 5359 2121 
71 8463 8463 8463 8463 8463 8463 8463 8463 446 110 1752 6101 
72 8463 8463 8463 8463 8463 8463 8463 8463 446 8947 6327 2 
73 446 446 446 446 446 446 446 446 446 446 446 446 7135 9043 412 
74 8463 8463 8463 8463 8463 8463 8463 8463 446 5710 9930 1668 2962 
75 8463 8463 8463 8463 8463 8463 8463 8463 446 4971 6465 3521 2288 
76 8463 8463 8463 8463 8463 8463 8463 8463 446 6903 753 569 79 
77 8463 8463 8463 8463 8463 8463 8463 8463 446 6254 6613 
78 8463 8463 8463 8463 8463 8463 8463 8463 446 8157 2790 2904 
79 8463 8463 8463 8463 8463 8463 8463 8463 446 8217 7997 
80 8463 8463 8463 8463 8463 8463 8463 8463 446 6100 7105 5219 
81 446 446 446 446 446 446 446 446 446 446 446 446 3173 
82 446 446 446 446 446 446 446 446 446 446 446 446 5465 
83 8463 8463 8463 8463 8463 8463 8463 8463 446 1858 1401 3584 
84 8463 8463 8463 8463 8463 8463 8463 8463 446 4068 221 2155 321 
85 8463 8463 8463 8463 8463 8463 8463 8463 446 5654 4526 1668 5715 
86 8463 8463 8463 8463 8463 8463 8463 8463 446 2676 4035 9968 
87 8463 8463 8463 8463 8463 8463 8463 8463 446 9604 4340 5412 
88 8463 8463 8463 8463 8463 8463 8463 8463 446 865 4679 139 2240 
89 446 446 446 446 446 446 446 446 446 446 446 446 2318 6537 2555 
90 8463 8463 8463 8463 8463 8463 8463 8463 446 865 7285 2437 7949 
91 8463 8463 8463 8463 8463 8463 8463 8463 446 865 9483 6537 
92 446 446 446 446 446 446 446 446 446 446 446 446 6909 6712 2288 
93 8463 8463 8463 8463 8463 8463 8463 8463 446 865 8235 8711 
94 8463 8463 8463 8463 8463 8463 8463 8463 446 865 719 7153 
95 8463 8463 8463 8463 8463 8463 8463 8463 446 865 8528 
96 446 446 446 446 446 446 446 446 446 446 446 446 252 3836 2 
97 8463 8463 8463 8463 8463 8463 8463 8463 446 865 1256 6327 7762 
98 8463 8463 8463 8463 8463 8463 8463 8463 446 865 4967 925 3894 
99 8463 8463 8463 8463 8463 8463 8463 8463 446 865 7012 412 79 
100 8463 8463 8463 8463 8463 8463 8463 8463 446 865 5451 569 5962 
101 446 446 446 446 446 446 446 446 446 446 446 446 8352 3103 2643 
102 8463 8463 8463 8463 8463 8463 8463 8463 446 865 1358 
103 8463 8463 8463 8463 8463 8463 8463 8463 446 1869 9347 
104 8463 8463 8463 8463 8463 8463 8463 8463 446 2485 4234 9848 2288 
105 8463 8463 8463 8463 8463 8463 8463 8463 446 865 8484 321 
106 8463 8463 8463 8463 8463 8463 8463 8463 446 865 5386 2340 5412 
107 8463 8463 8463 8463 8463 8463 8463 8463 446 865 8462 5643 3894 5715 
108 446 446 446 446 446 446 446 446 446 446 446 446 7485 7713 
109 8463 8463 8463 8463 8463 8463 8463 8463 446 865 476 4020 
110 8463 8463 8463 8463 8463 8463 8463 8463 446 30 3630 
111 8463 8463 8463 8463 8463 8463 8463 8463 446 865 9990 3753 1299 
112 8463 8463 8463 8463 8463 8463 8463 8463 446 3496 937 
113 8463 8463 8463 8463 8463 8463 8463 8463 446 865 5752 8125 
114 8463 8463 8463 8463 8463 8463 8463 8463 446 1555 4967 9301 
115 8463 8463 8463 8463 8463 8463 8463 8463 446 865 1256 4314 3877 
116 8463 8463 8463 8463 8463 8463 8463 8463 446 865 4958 7759 2962 
117 446 446 446 446 446 446 446 446 446 446 446 446 8028 4901 
118 8463 8463 8463 8463 8463 8463 8463 8463 446 865 9023 3758 
119 8463 8463 8463 8463 8463 8463 8463 8463 446 865 1476 1774 
120 446 446 446 446 446 446 446 446 446 446 446 446 4077 9968 
121 8463 8463 8463 8463 8463 8463 8463 8463 446 865 7012 8711 
122 8463 8463 8463 8463 8463 8463 8463 8463 446 865 6014 7517 2555 
123 8463 8463 8463 8463 8463 8463 8463 8463 446 865 1496 7902 
124 446 446 446 446 446 446 446 446 446 446 446 446 7829 9244 
125 446 446 446 446 446 446 446 446 446 446 446 446 8904 9244 
126 8463 8463 8463 8463 8463 8463 8463 8463 446 6075 6161 
127 8463 8463 8463 8463 8463 8463 8463 8463 446 865 6465 1343 3758 
128 8463 8463 8463 8463 8463 8463 8463 8463 446 865 5451 352 
129 8463 8463 8463 8463 8463 8463 8463 8463 446 865 3981 925 
130 446 446 446 446 446 446 446 446 446 446 446 446 872 6161 
131 8463 8463 8463 8463 8463 8463 8463 8463 446 425 3757 3836 2962 
132 8463 8463 8463 8463 8463 8463 8463 8463 446 865 6020 7055 321 
133 8463 8463 8463 8463 8463 8463 8463 8463 446 865 7791 2666 
134 8463 8463 8463 8463 8463 8463 8463 8463 446 865 369 5677 8491 
135 8463 8463 8463 8463 8463 8463 8463 8463 446 4628 2422 2 
136 8463 8463 8463 8463 8463 8463 8463 8463 446 865 5156 8830 2240 
137 8463 8463 8463 8463 8463 8463 8463 8463 446 865 6170 3783 5715 
138 8463 8463 8463 8463 8463 8463 8463 8463 446 865 5156 8284 9007 
139 8463 8463 8463 8463 8463 8463 8463 8463 446 3869 9709 3144 5715 
140 446 446 446 446 446 446 446 446 446 446 446 446 1292 8212 
141 446 446 446 446 446 446 446 446 446 446 446 446 9807 2666 
142 8463 8463 8463 8463 8463 8463 8463 8463 446 865 7481 3074 
143 8463 8463 8463 8463 8463 8463 8463 8463 446 865 4151 1105 
144 8463 8463 8463 8463 8463 8463 8463 8463 446 865 4170 2892 2 
145 8463 8463 8463 8463 8463 8463 8463 8463 446 865 8227 2240 
146 446 446 446 446 446 446 446 446 446 446 446 446 3092 1524 7883 
147 446 446 446 446 446 446 446 446 446 446 446 446 865 3700 8711 79 
148 8463 8463 8463 8463 8463 8463 8463 8463 446 865 8343 5962 5715 
149 8463 8463 8463 8463 8463 8463 8463 8463 446 865 1348 935 
150 8463 8463 8463 8463 8463 8463 8463 8463 446 865 1476 7883 
151 8463 8463 8463 8463 8463 8463 8463 8463 446 7856 1125 3936 
152 8463 8463 8463 8463 8463 8463 8463 8463 446 865 1934 3728 
153 8463 8463 8463 8463 8463 8463 8463 8463 446 865 7806 6692 2962 
154 8463 8463 8463 8463 8463 8463 8463 8463 446 8167 3074 2962 
155 8463 8463 8463 8463 8463 8463 8463 8463 446 865 6608 6613 
156 8463 8463 8463 8463 8463 8463 8463 8463 446 7622 3836 5715 
157 446 446 446 446 446 446 446 446 446 446 446 446 865 7280 8812 3012 
158 8463 8463 8463 8463 8463 8463 8463 8463 446 865 3158 7240 
159 8463 8463 8463 8463 8463 8463 8463 8463 446 865 6360 4035 2 
160 8463 8463 8463 8463 8463 8463 8463 8463 446 865 4400 1625 321 
161 8463 8463 8463 8463 8463 8463 8463 8463 446 865 6920 7880 
162 8463 8463 8463 8463 8463 8463 8463 8463 446 6731 221 3894 
163 446 446 446 446 446 446 446 446 446 446 446 446 865 523 2615 
164 8463 8463 8463 8463 8463 8463 8463 8463 446 865 2439 2121 
165 8463 8463 8463 8463 8463 8463 8463 8463 446 865 8345 3936 
166 8463 8463 8463 8463 8463 8463 8463 8463 446 865 6458 7001 2986 
167 8463 8463 8463 8463 8463 8463 8463 8463 446 865 1790 9842 
168 8463 8463 8463 8463 8463 8463 8463 8463 446 865 7992 9903 2962 
169 8463 8463 8463 8463 8463 8463 8463 8463 446 865 4967 4311 8994 
170 446 446 446 446 446 446 446 446 446 446 446 446 865 1657 4531 9842 
171 8463 8463 8463 8463 8463 8463 8463 8463 5432 865 2773 
172 8463 8463 8463 8463 8463 8463 8463 8463 446 865 5902 
173 446 446 446 446 446 446 446 446 446 446 446 446 865 523 8671 2240 
174 8463 8463 8463 8463 8463 8463 8463 8463 446 865 5902 
175 8463 8463 8463 8463 8463 8463 8463 8463 446 865 2858 1238 
176 8463 8463 8463 8463 8463 8463 8463 8463 446 865 753 9197 
177 8463 8463 8463 8463 8463 8463 8463 8463 446 6292 8104 3543 2240 
178 8463 8463 8463 8463 8463 8463 8463 8463 446 865 6153 5507 3982 
179 446 446 446 446 446 446 446 446 446 446 446 446 7752 8134 
180 8463 8463 8463 8463 8463 8463 8463 8463 446 865 7206 3877 
181 8463 8463 8463 8463 8463 8463 8463 8463 446 730 9836 6327 
182 446 446 446 446 446 446 446 446 446 446 446 446 865 3320 
183 8463 8463 8463 8463 8463 8463 8463 8463 446 865 4958 7852 7699 
184 8463 8463 8463 8463 8463 8463 8463 8463 446 865 116 4340 2 
185 8463 8463 8463 8463 8463 8463 8463 8463 446 1479 7713 7699 
186 8463 8463 8463 8463 8463 8463 8463 8463 446 6833 2569 1534 
187 8463 8463 8463 8463 8463 8463 8463 8463 446 865 7545 148 4199 
188 8463 8463 8463 8463 8463 8463 8463 8463 446 7586 1868 
189 446 446 446 446 446 446 446 446 446 446 446 446 865 9688 6537 7699 
190 8463 8463 8463 8463 8463 8463 8463 8463 446 6137 6161 7413 
191 8463 8463 8463 8463 8463 8463 8463 8463 446 865 7 3521 79 
192 446 446 446 446 446 446 446 446 446 446 446 446 6415 1042 
193 446 446 446 446 446 446 446 446 446 446 446 446 6762 2340 
194 8463 8463 8463 8463 8463 8463 8463 8463 446 865 9043 7880 5715 
195 8463 8463 8463 8463 8463 8463 8463 8463 446 865 4027 7880 
196 446 446 446 446 446 446 446 446 446 446 446 446 865 7790 7997 
197 8463 8463 8463 8463 8463 8463 8463 8463 446 865 7852 2790 9244 
198 446 446 446 446 446 446 446 446 446 446 446 446 7513 321 
199 446 446 446 446 446 446 446 446 446 446 446 446 865 5656 2288 
200 8463 8463 8463 8463 8463 8463 8463 8463 446 3049 5677 5880 
201 8463 8463 8463 8463 8463 8463 8463 8463 446 8566 399 4035 
202 8463 8463 8463 8463 8463 8463 8463 8463 446 1396 1353 5715 
203 446 446 446 446 446 446 446 446 446 446 446 446 865 7933 9533 
204 8463 8463 8463 8463 8463 8463 8463 8463 446 865 5386 5437 2962 
205 446 446 446 446 446 446 446 446 446 446 446 446 865 3507 8812 2 
206 8463 8463 8463 8463 8463 8463 8463 8463 446 865 6920 4352 321 
207 8463 8463 8463 8463 8463 8463 8463 8463 446 7659 8462 5340 
208 8463 8463 8463 8463 8463 8463 8463 8463 446 865 3106 4020 
209 8463 8463 8463 8463 8463 8463 8463 8463 446 865 5451 6327 3936 
210 8463 8463 8463 8463 8463 8463 8463 8463 446 3498 847 1984 7153 
211 8463 8463 8463 8463 8463 8463 8463 8463 446 865 1601 1668 321 
212 8463 8463 8463 8463 8463 8463 8463 8463 446 865 780 9270 79 
213 8463 8463 8463 8463 8463 8463 8463 8463 446 865 9444 9007 321 
214 8463 8463 8463 8463 8463 8463 8463 8463 446 1822 3958 6613 
215 8463 8463 8463 8463 8463 8463 8463 8463 446 513 3792 259 
216 8463 8463 8463 8463 8463 8463 8463 8463 446 865 8345 7949 
217 446 446 446 446 446 446 446 446 446 446 446 446 865 2058 5775 321 
218 8463 8463 8463 8463 8463 8463 8463 8463 446 865 1348 6613 
219 446 446 446 446 446 446 446 446 446 446 446 446 865 5483 6258 5715 
220 446 446 446 446 446 446 446 446 446 446 446 446 865 8092 
221 8463 8463 8463 8463 8463 8463 8463 8463 446 865 3158 4901 
222 8463 8463 8463 8463 8463 8463 8463 8463 446 865 9023 2327 
223 8463 8463 8463 8463 8463 8463 8463 8463 446 6509 7759 4855 
224 8463 8463 8463 8463 8463 8463 8463 8463 446 865 300 9129 321 
225 8463 8463 8463 8463 8463 8463 8463 8463 446 1223 9114 2962 
226 8463 8463 8463 8463 8463 8463 8463 8463 446 8775 1560 3012 
227 8463 8463 8463 8463 8463 8463 8463 8463 446 865 7874 935 321 
228 446 446 446 446 446 446 446 446 446 446 446 446 8859 321 
229 446 446 446 446 446 446 446 446 446 446 446 446 865 782 935 
230 8463 8463 8463 8463 8463 8463 8463 8463 446 865 8345 3012 2962 
231 8463 8463 8463 8463 8463 8463 8463 8463 446 865 3981 4340 2555 
232 446 446 446 446 446 446 446 446 446 446 446 446 865 5887 9199 
233 8463 8463 8463 8463 8463 8463 8463 8463 446 865 4501 321 
234 8463 8463 8463 8463 8463 8463 8463 8463 446 4214 8716 
235 8463 8463 8463 8463 8463 8463 8463 8463 446 865 7481 3936 
236 8463 8463 8463 8463 8463 8463 8463 8463 446 5810 6424 
237 446 446 446 446 446 446 446 446 446 446 446 446 7998 79 
238 446 446 446 446 446 446 446 446 446 446 446 446 6374 8293 2240 
239 8463 8463 8463 8463 8463 8463 8463 8463 446 865 3395 9075 
240 446 446 446 446 446 446 446 446 446 446 446 446 865 4561 5412 
241 8463 8463 8463 8463 8463 8463 8463 8463 446 5500 7240 
242 446 446 446 446 446 446 446 446 446 446 446 446 865 8269 2643 
243 8463 8463 8463 8463 8463 8463 8463 8463 446 865 3964 5848 2 
244 8463 8463 8463 8463 8463 8463 8463 8463 446 865 6187 9930 
245 8463 8463 8463 8463 8463 8463 8463 8463 446 7087 7899 3894 
246 8463 8463 8463 8463 8463 8463 8463 8463 446 2085 6899 3936 
247 8463 8463 8463 8463 8463 8463 8463 8463 446 9735 1668 
248 8463 8463 8463 8463 8463 8463 8463 8463 446 865 9008 2240 
249 446 446 446 446 446 446 446 446 446 446 446 446 1593 7153 
250 446 446 446 446 446 446 446 446 446 446 446 446 865 5887 7997 
251 8463 8463 8463 8463 8463 8463 8463 8463 446 865 7179 8716 
252 8463 8463 8463 8463 8463 8463 8463 8463 446 865 8183 2555 
253 8463 8463 8463 8463 8463 8463 8463 8463 446 5580 6331 5715 
254 8463 8463 8463 8463 8463 8463 8463 8463 446 865 2480 6986 
255 446 446 446 446 446 446 446 446 446 446 446 446 865 511 925 
256 8463 8463 8463 8463 8463 8463 8463 8463 446 7314 7713 6613 
257 8463 8463 8463 8463 8463 8463 8463 8463 446 865 4967 2892 
258 8463 8463 8463 8463 8463 8463 8463 8463 446 5772 6978 9139 7949 
259 8463 8463 8463 8463 8463 8463 8463 8463 446 865 9465 3982 
260 8463 8463 8463 8463 8463 8463 8463 8463 446 4359 4176 
261 8463 8463 8463 8463 8463 8463 8463 8463 446 865 8343 7762 
262 8463 8463 8463 8463 8463 8463 8463 8463 446 865 1348 6613 
263 8463 8463 8463 8463 8463 8463 8463 8463 446 865 6020 9013 2962 
264 8463 8463 8463 8463 8463 8463 8463 8463 446 2910 5326 
265 446 446 446 446 446 446 446 446 446 446 446 446 865 9480 6613 
266 8463 8463 8463 8463 8463 8463 8463 8463 446 865 5752 8125 
267 8463 8463 8463 8463 8463 8463 8463 8463 446 5780 8396 6613 2240 
268 446 446 446 446 446 446 446 446 446 446 446 446 865 2304 2437 
269 446 446 446 446 446 446 446 446 446 446 446 446 865 9347 7997 6613 
270 446 446 446 446 446 446 446 446 446 446 446 446 164 5507 2962 
271 8463 8463 8463 8463 8463 8463 8463 8463 446 5925 7864 2240 
272 8463 8463 8463 8463 8463 8463 8463 8463 446 865 3113 6101 
273 8463 8463 8463 8463 8463 8463 8463 8463 446 865 476 7120 
274 8463 8463 8463 8463 8463 8463 8463 8463 446 865 719 6613 
275 8463 8463 8463 8463 8463 8463 8463 8463 446 865 4647 79 
276 8463 8463 8463 8463 8463 8463 8463 8463 446 2113 8396 4326 
277 8463 8463 8463 8463 8463 8463 8463 8463 446 8418 6280 
278 8463 8463 8463 8463 8463 8463 8463 8463 446 865 6687 2962 
279 8463 8463 8463 8463 8463 8463 8463 8463 446 865 5248 6482 7883 
280 8463 8463 8463 8463 8463 8463 8463 8463 446 865 476 6547 
281 8463 8463 8463 8463 8463 8463 8463 8463 446 865 1790 9244 
282 8463 8463 8463 8463 8463 8463 8463 8463 446 865 1353 6482 6613 
283 8463 8463 8463 8463 8463 8463 8463 8463 446 865 776 2986 
284 8463 8463 8463 8463 8463 8463 8463 8463 446 7771 7379 6613 
285 8463 8463 8463 8463 8463 8463 8463 8463 446 4214 7575 2240 
286 8463 8463 8463 8463 8463 8463 8463 8463 446 865 7320 6613 
287 8463 8463 8463 8463 8463 8463 8463 8463 446 865 4027 8431 
288 8463 8463 8463 8463 8463 8463 8463 8463 446 865 5788 2013 
289 8463 8463 8463 8463 8463 8463 8463 8463 446 865 843 8722 9842 
290 8463 8463 8463 8463 8463 8463 8463 8463 446 865 7806 6030 
291 8463 8463 8463 8463 8463 8463 8463 8463 446 865 3792 7864 2 
292 446 446 446 446 446 446 446 446 446 446 446 446 865 9349 6258 
293 8463 8463 8463 8463 8463 8463 8463 8463 446 865 7206 7949 
294 446 446 446 446 446 446 446 446 446 446 446 446 865 557 
295 8463 8463 8463 8463 8463 8463 8463 8463 446 3750 6549 
296 446 446 446 446 446 446 446 446 446 446 446 446 865 9933 9129 
297 8463 8463 8463 8463 8463 8463 8463 8463 446 865 8069 3885 321 
298 8463 8463 8463 8463 8463 8463 8463 8463 446 1206 523 4340 
299 8463 8463 8463 8463 8463 8463 8463 8463 446 865 3914 3074 
300 446 446 446 446 446 446 446 446 446 446 446 446 9885 3584 427 
301 8463 8463 8463 8463 8463 8463 8463 8463 446 8169 1328 205 79 
302 8463 8463 8463 8463 8463 8463 8463 8463 446 865 9990 5322 1299 
303 8463 8463 8463 8463 8463 8463 8463 8463 446 865 4967 1117 2962 
304 446 446 446 446 446 446 446 446 446 446 446 446 8614 5848 6613 2962 
305 446 446 446 446 446 446 446 446 446 446 446 446 3364 5775 7699 
306 8463 8463 8463 8463 8463 8463 8463 8463 446 865 8841 
307 8463 8463 8463 8463 8463 8463 8463 8463 446 865 5099 2114 6613 
308 8463 8463 8463 8463 8463 8463 8463 8463 446 865 7053 
309 8463 8463 8463 8463 8463 8463 8463 8463 446 865 1871 6134 6613 
310 8463 8463 8463 8463 8463 8463 8463 8463 446 865 6296 2437 2240 
311 8463 8463 8463 8463 8463 8463 8463 8463 446 865 3006 4527 321 
312 8463 8463 8463 8463 8463 8463 8463 8463 446 865 1058 5775 2 
313 8463 8463 8463 8463 8463 8463 8463 8463 446 6962 199 6613 2962 
314 8463 8463 8463 8463 8463 8463 8463 8463 446 6137 3377 3936 
315 446 446 446 446 446 446 446 446 446 446 446 446 865 3700 5848 6613 5715 
316 8463 8463 8463 8463 8463 8463 8463 8463 446 865 3113 7296 
317 8463 8463 8463 8463 8463 8463 8463 8463 446 2927 5193 3032 
318 8463 8463 8463 8463 8463 8463 8463 8463 446 1562 3584 321 
319 446 446 446 446 446 446 446 446 446 446 446 446 865 2192 
320 8463 8463 8463 8463 8463 8463 8463 8463 446 865 7 3602 
321 8463 8463 8463 8463 8463 8463 8463 8463 446 865 5386 5848 2962 
322 8463 8463 8463 8463 8463 8463 8463 8463 446 865 6920 5848 79 
323 8463 8463 8463 8463 8463 8463 8463 8463 446 865 9852 9834 2240 
324 8463 8463 8463 8463 8463 8463 8463 8463 446 865 8841 
325 8463 8463 8463 8463 8463 8463 8463 8463 446 5112 7105 5715 
326 8463 8463 8463 8463 8463 8463 8463 8463 446 3801 5097 6082 6613 
327 8463 8463 8463 8463 8463 8463 8463 8463 446 865 6082 9374 79 
328 8463 8463 8463 8463 8463 8463 8463 8463 446 865 6067 6613 
329 8463 8463 8463 8463 8463 8463 8463 8463 446 865 4151 5848 6613 
330 446 446 446 446 446 446 446 446 446 446 446 446 232 2 
331 8463 8463 8463 8463 8463 8463 8463 8463 446 865 9443 
332 446 446 446 446 446 446 446 446 446 446 446 446 865 8092 
333 446 446 446 446 446 446 446 446 446 446 446 446 9478 1058 
334 8463 8463 8463 8463 8463 8463 8463 8463 446 865 2414 5848 7153 
335 8463 8463 8463 8463 8463 8463 8463 8463 446 8932 1871 148 
336 8463 8463 8463 8463 8463 8463 8463 8463 446 7050 1496 3885 6613 2962 
337 446 446 446 446 446 446 446 446 446 446 446 446 865 6899 5445 79 
338 8463 8463 8463 8463 8463 8463 8463 8463 446 865 2175 5677 
339 8463 8463 8463 8463 8463 8463 8463 8463 446 865 3089 935 
340 8463 8463 8463 8463 8463 8463 8463 8463 446 865 4170 9903 9842 
341 8463 8463 8463 8463 8463 8463 8463 8463 446 7026 8922 5848 3074 
342 8463 8463 8463 8463 8463 8463 8463 8463 446 865 5783 5848 79 
343 8463 8463 8463 8463 8463 8463 8463 8463 446 865 1647 4035 
344 8463 8463 8463 8463 8463 8463 8463 8463 446 2607 9931 8387 
345 8463 8463 8463 8463 8463 8463 8463 8463 446 865 6020 1121 6613 
346 8463 8463 8463 8463 8463 8463 8463 8463 446 8609 937 6482 2240 
347 8463 8463 8463 8463 8463 8463 8463 8463 446 865 5752 9842 
348 8463 8463 8463 8463 8463 8463 8463 8463 446 4302 6545 5848 
349 8463 8463 8463 8463 8463 8463 8463 8463 446 865 991 
350 8463 8463 8463 8463 8463 8463 8463 8463 9064 865 420 321 
351 8463 8463 8463 8463 8463 8463 8463 8463 446 865 2662 5869 
352 8463 8463 8463 8463 8463 8463 8463 8463 446 865 76 7864 6613 
353 8463 8463 8463 8463 8463 8463 8463 8463 446 865 9086 4901 
354 8463 8463 8463 8463 8463 8463 8463 8463 446 865 5451 5848 2240 
355 8463 8463 8463 8463 8463 8463 8463 8463 446 8947 2327 
356 8463 8463 8463 8463 8463 8463 8463 8463 446 865 8105 7429 7438 
357 446 446 446 446 446 446 446 446 446 446 446 446 865 6855 5848 
358 8463 8463 8463 8463 8463 8463 8463 8463 446 865 369 2904 
359 8463 8463 8463 8463 8463 8463 8463 8463 446 865 6889 5507 
360 8463 8463 8463 8463 8463 8463 8463 8463 446 8881 5322 2240 
361 8463 8463 8463 8463 8463 8463 8463 8463 446 865 374 5848 979 
362 8463 8463 8463 8463 8463 8463 8463 8463 446 865 1216 5848 5340 
363 8463 8463 8463 8463 8463 8463 8463 8463 446 865 2005 5715 
364 446 446 446 446 446 446 446 446 446 446 446 446 865 9260 
365 446 446 446 446 446 446 446 446 446 446 446 446 5589 7852 6613 
366 8463 8463 8463 8463 8463 8463 8463 8463 446 7198 2349 7699 
367 8463 8463 8463 8463 8463 8463 8463 8463 446 865 3792 2666 5715 
368 8463 8463 8463 8463 8463 8463 8463 8463 446 2565 311 2704 79 
369 8463 8463 8463 8463 8463 8463 8463 8463 446 9795 4957 3877 
370 8463 8463 8463 8463 8463 8463 8463 8463 446 865 3427 5848 6613 2 
371 8463 8463 8463 8463 8463 8463 8463 8463 446 6970 8920 
372 8463 8463 8463 8463 8463 8463 8463 8463 446 865 3113 1299 
373 8463 8463 8463 8463 8463 8463 8463 8463 446 5572 2589 7883 
374 446 446 446 446 446 446 446 446 446 446 446 446 8894 5848 7413 
375 8463 8463 8463 8463 8463 8463 8463 8463 446 865 2533 5848 6613 
376 8463 8463 8463 8463 8463 8463 8463 8463 446 865 5053 5848 6613 
377 446 446 446 446 446 446 446 446 446 446 446 446 6001 527 1774 
378 446 446 446 446 446 446 446 446 446 446 446 446 7347 5848 7699 
379 8463 8463 8463 8463 8463 8463 8463 8463 446 1498 552 
380 8463 8463 8463 8463 8463 8463 8463 8463 446 865 300 5848 79 
381 8463 8463 8463 8463 8463 8463 8463 8463 446 865 4385 2121 
382 8463 8463 8463 8463 8463 8463 8463 8463 446 865 9607 5848 1774 
383 8463 8463 8463 8463 8463 8463 8463 8463 446 7553 2611 5848 
384 8463 8463 8463 8463 8463 8463 8463 8463 446 865 7791 8716 8994 
385 8463 8463 8463 8463 8463 8463 8463 8463 9858 9063 3507 5880 
386 7414 141 3096 9221 1829 1484 2207 3972 8061 8082 971 4679 
387 8463 8463 8463 8463 8463 8463 8463 8463 446 865 399 5643 
388 8463 8463 8463 8463 8463 8463 8463 8463 446 865 9178 5848 4901 
389 8463 8463 8463 8463 8463 8463 8463 8463 446 865 5775 6296 
390 8463 8463 8463 8463 8463 8463 8463 8463 446 865 1763 2422 
391 8463 8463 8463 8463 8463 8463 8463 8463 446 865 5451 2155 
392 8463 8463 8463 8463 8463 8463 8463 8463 446 865 6889 4020 
393 8463 8463 8463 8463 8463 8463 8463 8463 446 865 9979 7699 
394 8463 8463 8463 8463 8463 8463 8463 8463 446 5654 7456 
395 8463 8463 8463 8463 8463 8463 8463 8463 446 865 1353 7285 
396 446 446 446 446 446 446 446 446 446 446 446 446 865 673 5848 6613 
397 8463 8463 8463 8463 8463 8463 8463 8463 446 865 7782 6049 7762 
398 8463 8463 8463 8463 8463 8463 8463 8463 446 865 4679 2704 2327 
399 446 446 446 446 446 446 446 446 446 446 446 446 865 6982 7438 
400 8463 8463 8463 8463 8463 8463 8463 8463 446 4345 4787 9244 
401 446 446 446 446 446 446 446 446 446 446 446 446 865 5401 6613 
402 8463 8463 8463 8463 8463 8463 8463 8463 446 865 8209 7438 
403 8463 8463 8463 8463 8463 8463 8463 8463 446 865 7088 5848 7413 
404 8463 8463 8463 8463 8463 8463 8463 8463 446 865 6687 
405 8463 8463 8463 8463 8463 8463 8463 8463 446 865 4385 1774 
406 8463 8463 8463 8463 8463 8463 8463 8463 446 329 5848 6613 
407 8463 8463 8463 8463 8463 8463 8463 8463 446 865 4801 6613 
408 8463 8463 8463 8463 8463 8463 8463 8463 446 7568 4639 2437 
409 8463 8463 8463 8463 8463 8463 8463 8463 446 865 4539 5848 1668 
410 8463 8463 8463 8463 8463 8463 8463 8463 446 865 4501 
411 8463 8463 8463 8463 8463 8463 8463 8463 446 865 6170 5677 
412 8463 8463 8463 8463 8463 8463 8463 8463 446 865 9731 5848 6613 
413 8463 8463 8463 8463 8463 8463 8463 8463 446 7210 2589 
414 8463 8463 8463 8463 8463 8463 8463 8463 446 865 6170 5848 6613 6613 
415 446 446 446 446 446 446 446 446 446 446 446 446 9704 3830 
416 8463 8463 8463 8463 8463 8463 8463 8463 446 865 6712 4624 
417 8463 8463 8463 8463 8463 8463 8463 8463 446 469 1752 8994 
418 8463 8463 8463 8463 8463 8463 8463 8463 446 865 3792 8722 
419 8463 8463 8463 8463 8463 8463 8463 8463 446 865 3395 3758 
420 446 446 446 446 446 446 446 446 446 446 446 446 865 8068 5848 5848 3982 
421 446 446 446 446 446 446 446 446 446 446 446 446 865 5304 7883 
422 446 446 446 446 446 446 446 446 446 446 446 446 7347 5848 979 
423 8463 8463 8463 8463 8463 8463 8463 8463 446 865 8062 5848 5848 6613 6613 
424 8463 8463 8463 8463 8463 8463 8463 8463 446 865 9607 5848 8491 
425 8463 8463 8463 8463 8463 8463 8463 8463 446 865 3240 
426 8463 8463 8463 8463 8463 8463 8463 8463 446 865 208 6613 6613 
427 8463 8463 8463 8463 8463 8463 8463 8463 446 524 4824 4020 
428 8463 8463 8463 8463 8463 8463 8463 8463 446 865 8121 
429 446 446 446 446 446 446 446 446 446 446 446 446 6409 5848 7438 
430 8463 8463 8463 8463 8463 8463 8463 8463 446 9645 5848 935 
431 8463 8463 8463 8463 8463 8463 8463 8463 446 865 8487 1383 
432 8463 8463 8463 8463 8463 8463 8463 8463 446 865 9483 5848 6613 
433 446 446 446 446 446 446 446 446 446 446 446 446 865 1552 5848 2121 
434 446 446 446 446 446 446 446 446 446 446 446 446 207 5848 979 
435 8463 8463 8463 8463 8463 8463 8463 8463 446 6615 9669 
436 8463 8463 8463 8463 8463 8463 8463 8463 446 5849 8618 4314 
437 446 446 446 446 446 446 446 446 446 446 446 446 4070 9404 6613 
438 8463 8463 8463 8463 8463 8463 8463 8463 446 865 1358 
439 8463 8463 8463 8463 8463 8463 8463 8463 446 865 650 6258 
440 8463 8463 8463 8463 8463 8463 8463 8463 446 960 527 6613 6613 
441 8463 8463 8463 8463 8463 8463 8463 8463 446 865 9465 6613 6613 
442 446 446 446 446 446 446 446 446 446 446 446 446 865 6487 9848 
443 8463 8463 8463 8463 8463 8463 8463 8463 446 865 1358 
444 446 446 446 446 446 446 446 446 446 446 446 446 865 7756 7997 
445 8463 8463 8463 8463 8463 8463 8463 8463 446 865 9086 3032 
446 8463 8463 8463 8463 8463 8463 8463 8463 446 4356 5848 5848 
447 446 446 446 446 446 446 446 446 446 446 446 446 865 4343 6613 
448 8463 8463 8463 8463 8463 8463 8463 8463 446 865 991 
449 8463 8463 8463 8463 8463 8463 8463 8463 446 865 139 8470 6613 
450 8463 8463 8463 8463 8463 8463 8463 8463 446 865 3964 5848 
451 8463 8463 8463 8463 8463 8463 8463 8463 446 865 9138 5848 8125 
452 8463 8463 8463 8463 8463 8463 8463 8463 446 865 6029 7153 
453 446 446 446 446 446 446 446 446 446 446 446 446 865 2569 5848 2327 
454 8463 8463 8463 8463 8463 8463 8463 8463 446 865 5848 5848 5848 5848 5848 
455 8463 8463 8463 8463 8463 8463 8463 8463 446 865 5848 5848 5848 5848 5848 
456 8463 8463 8463 8463 8463 8463 8463 8463 446 865 5848 5848 5848 5848 5848 
457 446 446 446 446 446 446 446 446 446 446 446 446 865 2345 6613 
458 8463 8463 8463 8463 8463 8463 8463 8463 446 865 5848 5848 5848 5848 5848 
459 8463 8463 8463 8463 8463 8463 8463 8463 446 865 5848 5848 5848 5848 5848 
460 8463 8463 8463 8463 8463 8463 8463 8463 446 865 5848 5848 5848 5848 5848 
461 446 446 446 446 446 446 446 446 446 446 446 446 865 1079 5848 5848 3032 
462 8463 8463 8463 8463 8463 8463 8463 8463 446 865 5848 5848 5848 5848 5848 
463 8463 8463 8463 8463 8463 8463 8463 8463 446 865 5848 5848 5848 5848 5848 
464 8463 8463 8463 8463 8463 8463 8463 8463 446 865 5848 5848 5848 5848 5848 
465 8463 8463 8463 8463 8463 8463 8463 8463 446 865 5848 5848 5848 5848 5848 
466 446 446 446 446 446 446 446 446 446 446 446 446 865 5885 6613 
467 8463 8463 8463 8463 8463 8463 8463 8463 446 865 5848 5848 5848 5848 5848 
468 8463 8463 8463 8463 8463 8463 8463 8463 446 865 5848 5848 5848 5848 5848 
469 8463 8463 8463 8463 8463 8463 8463 8463 446 865 5848 5848 5848 5848 5848 
470 446 446 446 446 446 446 446 446 446 446 446 446 865 4870 5848 7240 
471 8463 8463 8463 8463 8463 8463 8463 8463 446 865 5848 5848 5848 5848 5848 
472 8463 8463 8463 8463 8463 8463 8463 8463 446 865 5848 5848 5848 5848 5848 
473 8463 8463 8463 8463 8463 8463 8463 8463 446 1248 3602 9834 
474 8463 8463 8463 8463 8463 8463 8463 8463 446 4356 5848 5848 
475 8463 8463 8463 8463 8463 8463 8463 8463 446 865 5848 5848 5848 5848 5848 
476 8463 8463 8463 8463 8463 8463 8463 8463 446 865 5848 5848 5848 5848 5848 
477 446 446 446 446 446 446 446 446 446 446 446 446 865 2857 3012 
478 8463 8463 8463 8463 8463 8463 8463 8463 446 385 9199 5412 
479 446 446 446 446 446 446 446 446 446 446 446 446 865 7234 5848 259 
480 446 446 446 446 446 446 446 446 446 446 446 446 865 8092 
481 8463 8463 8463 8463 8463 8463 8463 8463 446 865 5848 5848 5848 5848 5848 
482 8463 8463 8463 8463 8463 8463 8463 8463 446 865 7133 6044 2327 
483 8463 8463 8463 8463 8463 8463 8463 8463 446 865 5848 5848 5848 5848 5848 
484 8463 8463 8463 8463 8463 8463 8463 8463 446 865 5848 5848 5848 5848 5848 
485 8463 8463 8463 8463 8463 8463 8463 8463 446 865 5848 5848 5848 5848 5848 
486 446 446 446 446 446 446 446 446 446 446 446 446 3117 5848 5848 
487 7326 2841 4952 4421 2135 809 5309 5159 5824 5848 5848 5848 5848 4901 
488 446 446 446 446 446 446 446 446 446 446 446 446 865 6369 5848 5848 6613 
489 8463 8463 8463 8463 8463 8463 8463 8463 446 865 5848 5848 5848 5848 5848 
490 8463 8463 8463 8463 8463 8463 8463 8463 446 1642 5848 5848 5848 
491 8463 8463 8463 8463 8463 8463 8463 8463 446 865 4539 3783 
492 8463 8463 8463 8463 8463 8463 8463 8463 446 3827 475 6613 6613 
493 8463 8463 8463 8463 8463 8463 8463 8463 446 865 5848 5848 5848 5848 5848 
494 8463 8463 8463 8463 8463 8463 8463 8463 446 4622 5848 5848 
495 8463 8463 8463 8463 8463 8463 8463 8463 446 865 5848 5848 5848 5848 5848 
496 8463 8463 8463 8463 8463 8463 8463 8463 446 865 5848 5848 5848 5848 5848 
497 8463 8463 8463 8463 8463 8463 8463 8463 446 3405 5762 
498 8463 8463 8463 8463 8463 8463 8463 8463 446 865 5848 5848 5848 5848 5848 
499 8463 8463 8463 8463 8463 8463 8463 8463 446 1391 518 6613 6613 
