100
0 2 0 1039 1 9575 1579 180 107 0 4 362 518 160 3160 2 20 4548 435 1 22 4048 0 0 242 14 216 28 1799 15 22 176 869 138 138 554 
1 0 6 136 7559 12 4 0 0 0 2 1443 5415 64 325 12 5 73 29 1677 1037 1912 4 6 251 2 11 790 357 9 117 8 1958 
2 590 28 22 158 0 1553 2 1 7056 38 9 0 57 3425 0 7 268 0 0 3797 510 10 1948 909 2 8 2 9589 30 705 0 139 36 1562 7798 6 6668 3774 1495 2264 4247 
3 133 17 0 7231 313 712 6 10 2784 12 276 144 851 259 21 4363 35 82 6 776 354 1005 161 3180 1393 208 83 449 3411 4 17 6163 
4 13 0 1424 65 0 742 2 6 0 14 257 18 55 1 9 8 0 0 6270 6147 19 546 174 47 4 3 0 0 587 195 482 8 3767 3975 1310 7055 
5 25 6 0 31 0 16 6 0 5 130 240 3 0 39 9 43 387 105 496 35 3 2 20 1 24 1239 2 57 3110 
6 0 3558 377 20 288 181 1 52 2 3 8906 0 8 0 1 7 133 0 2 6 0 4150 3 3887 13 40 5 1 27 138 138 867 2153 3097 
7 1851 4 3 7480 3009 26 2 822 20 6747 9 4 7 0 205 3 39 0 0 2 2256 163 1496 1 47 5 0 23 126 468 1290 1310 
8 431 240 652 98 193 3 898 244 3 94 4 0 950 1 103 0 74 0 32 36 2 9 18 7 110 2172 0 10 485 1290 
9 2 138 0 4 0 26 0 24 29 0 487 2 1 1133 890 968 3935 86 140 80 79 509 279 11 1 3320 0 16 3073 57 709 
10 1286 2203 1506 2932 36 269 8157 14 75 55 239 27 381 0 1 22 3 178 12 14 1415 1 0 7 4 310 149 46 81 277 69 138 2848 
11 6 4448 5 12 4838 856 11 5 1 5689 241 12 8735 219 6156 54 5 55 8 0 5205 9017 0 112 0 6655 0 2775 114 46 10 3231 3317 679 1495 3849 
12 125 1613 3799 4 3 88 2 174 40 0 0 123 0 1 0 0 1501 3 0 502 1 1 112 20 8 1084 8 8 126 4977 1502 
13 10 150 1 187 0 1201 53 758 261 13 947 23 0 19 183 894 0 39 2 74 375 572 3 281 17 99 4 9 355 138 2264 
14 1813 1 2 2 2 876 0 1 20 0 0 3764 594 5 60 1 5850 858 67 3125 0 0 3 0 0 4723 329 4977 6604 9 126 8 621 
15 1 0 2 362 0 2 25 0 3 1394 160 0 66 26 4 131 0 43 0 0 898 4 1606 9 8 930 27 356 686 7585 
16 181 565 1 143 0 0 323 0 0 804 63 5417 9 283 46 2 5 31 2 0 7 0 201 1 199 948 0 28 120 
17 1485 152 1077 3 12 3 15 0 30 52 38 2399 3 1019 10 23 110 62 1 5205 2924 2 291 1527 1 0 0 16 158 8868 1395 19 211 193 1951 
18 1457 712 3330 3 122 79 42 2040 4 314 6061 773 496 3036 1 362 6658 3116 1687 639 7214 4102 5 45 2 1271 9 43 11 8 9 9 176 708 
19 724 175 769 139 67 59 216 13 2492 160 2 287 550 5294 1 7 1253 30 5167 4113 0 59 3 596 0 2 0 20 4958 3428 2552 69 184 28 303 708 3483 138 
20 2 1 0 3 0 89 15 10 1797 149 1 3575 652 1 706 5526 1 137 0 0 1 127 1052 0 2 9 8 2930 797 2591 1290 
21 1 1 0 0 40 2 9804 45 3573 7479 108 2425 1 11 0 11 46 121 5 20 3475 455 9569 7627 0 0 2 7 3 914 1954 138 2848 
22 2 23 6116 1 36 17 8 2 0 7553 5 46 3 24 600 1542 0 5 3 3 1 13 1172 29 38 38 1128 2 6 594 155 554 404 7624 
23 0 0 18 27 842 1925 1 52 37 14 6 8 0 0 2429 6 21 3 1 0 0 422 34 2 0 0 7 7810 7 0 138 554 
24 5 37 3176 2 16 1475 0 0 1 1646 97 1 10 693 459 4115 5 695 12 857 177 1232 503 6 2151 141 6799 6082 2120 
25 81 2 45 39 4 1 466 5 4060 1680 0 9 14 0 8489 8614 35 140 7322 685 0 6 287 9 0 4 1893 492 1307 436 8 138 301 138 
26 0 0 327 49 128 61 15 54 120 410 2298 0 5 16 3 55 18 49 433 907 3 0 129 233 1 379 46 2 1 7 859 4171 120 
27 1 49 44 44 56 2 1 1 1 848 0 400 2 26 17 163 40 89 1 58 3 39 41 10 637 4 114 155 2060 968 176 2848 
28 76 32 2325 5 2 0 0 14 1944 0 46 95 1717 1 16 3 1999 7 93 2 27 6192 67 1 47 3 78 815 708 968 9517 2076 1263 968 5921 
29 204 586 22 214 0 3 437 478 2726 5195 1 1867 202 0 2 131 1 2611 4 7 0 36 1 22 223 4 243 968 1495 
30 2 9 1 7 49 82 18 7 28 1 0 34 220 1084 78 31 0 4 0 2692 2 111 11 4237 0 0 5 129 8 361 1005 5 679 1310 
31 6 7 105 29 1467 7 1593 1776 65 1114 47 4430 170 969 1319 1333 2398 28 201 6 132 2517 9 1455 39 52 618 93 317 501 241 1442 8 235 6961 867 3097 
32 239 3 0 1 0 62 1 16 242 2622 8 8353 1 1333 0 519 1 9 91 1862 165 1 75 4 0 21 27 3849 3975 
33 1053 1 1 2295 2339 0 3 20 520 18 156 997 5 2731 97 40 0 2659 1504 2 2011 0 3414 2453 55 0 98 2 8 138 3774 968 126 3198 3097 
34 0 1 2469 514 4 0 2 6 1 2 14 146 19 15 548 114 201 1 65 0 16 9 57 444 35 21 9952 3218 1 0 54 155 155 3097 1737 1290 
35 11 11 95 186 1782 5 277 259 301 164 502 3537 198 102 5 1959 55 1830 37 22 85 73 13 101 128 123 3790 9 12 10 899 388 6077 5 9 12 907 1452 1061 2148 138 
36 168 147 1044 0 100 0 422 50 4 17 0 15 1 35 8 339 0 6 4 2843 506 0 27 0 1034 4 0 60 7 27 332 8 7081 3110 
37 0 360 10 0 1224 1864 124 1 19 0 5 0 437 0 3 4 458 121 1209 1558 8660 558 23 5 0 4 7 17 121 583 3102 
38 0 0 0 5675 1329 1 548 0 1 2 249 0 9252 61 14 309 735 14 231 360 225 994 1126 0 0 2 155 3 1 1260 6656 3097 120 138 1671 1958 
39 7429 1687 0 2 0 2 79 0 8 240 4494 1 273 21 1 135 0 11 88 2 23 1 5 9 23 7 16 10 0 73 49 7 1981 5225 2170 5895 155 
40 3 524 1292 2 93 94 0 4 28 2 0 35 5609 4 2 2 120 52 217 44 17 3 0 1540 5208 5 75 9 32 621 6 1697 0 859 728 2208 
41 1 14 1880 89 1 3 0 2 249 7 8724 19 1 1321 7 44 1210 2 0 364 0 825 0 115 38 4 0 3 907 8 0 37 8911 176 184 
42 2 531 63 7 8 23 20 588 444 0 0 1324 347 11 12 29 1 1460 26 4742 17 1462 38 37 0 0 0 0 0 3 8 15 155 7360 1495 1263 
43 3 281 3395 13 72 0 2 0 174 1552 126 8629 17 3 25 1 826 488 0 2315 162 30 1183 150 39 0 140 3016 1384 5381 
44 43 39 45 0 7 9 10 102 7 0 25 592 0 33 5 1 0 5 2 22 0 21 42 2 6 0 704 6686 8 
45 0 0 4 1 971 74 2752 90 0 110 499 785 1 30 0 44 43 0 37 2476 64 496 33 93 761 702 8 5 495 604 8309 1510 
46 3076 1 7549 1996 1424 0 3 370 0 0 3941 1 300 4 371 18 7 0 866 9 0 169 238 17 35 10 1 8 1656 1502 138 
47 7891 6734 127 19 4738 7 5415 15 1410 58 3906 2 1249 2 71 36 5376 42 0 19 1047 107 1378 13 0 100 118 3 0 3688 61 9 252 303 1502 
48 64 5989 261 0 131 10 28 0 285 2 513 475 27 2137 0 0 26 1179 119 0 2 3 13 7 3 2401 29 5779 25 367 318 74 468 900 6337 4247 
49 0 1 0 4828 144 5233 171 687 6 8738 1011 37 0 14 868 157 6 108 0 158 12 5 4342 0 16 1 1 5 191 18 7 27 977 6165 1482 
50 5340 0 0 519 43 43 43 43 43 43 43 43 43 43 43 43 43 43 23 84 1671 
51 6 18 6 1415 160 39 81 4601 157 369 23 15 45 1692 27 24 10 2 2938 28 6463 170 299 5501 45 109 35 6571 601 20 3734 24 3708 3923 9365 
52 1 0 2568 18 0 0 7979 187 43 501 7 2 9 1280 5407 0 0 712 151 200 133 194 6161 87 3 2721 3182 5313 23 7 1954 6402 708 2818 138 
53 3 49 0 84 793 44 0 397 481 235 32 1 6121 103 0 759 1 399 9 26 3267 48 7 20 13 536 9666 2 8 662 
54 18 1 10 0 2 1 28 82 0 31 267 129 0 180 1 53 521 7 2985 5 5 5 5 5 5 5 5 5 5 5 5 5 5 5 5 4881 138 
55 1 0 7 26 7 517 6 0 92 74 1096 4 777 0 1 71 0 72 96 52 5570 1 1 543 389 13 0 106 41 494 0 3215 348 252 1334 
56 43 43 43 43 43 43 43 43 43 43 43 43 43 43 43 43 43 885 14 5526 8938 176 3244 
57 14 49 4 6480 2 118 48 1086 0 0 16 5 24 1 6131 230 1103 9 32 0 3 0 2 5 4162 626 63 0 7432 13 2198 609 138 
58 20 21 0 11 66 0 585 3 0 42 0 143 79 1810 0 75 1003 1004 529 5297 3 29 0 47 0 5 371 968 
59 3 35 3002 34 32 3843 55 3 914 1655 7979 4 12 64 225 99 54 149 4 3 5376 3962 28 35 4 83 56 979 8450 1334 252 
60 0 0 121 8 0 9373 1 200 2 66 100 65 4 4020 1 69 35 1 177 18 118 3616 0 690 15 773 32 2 9 1089 5661 6729 
61 137 3 952 1177 3 1 216 1 1 1 1 1 1 1 1 1 1 1 1 1 5 20 6092 355 
62 0 869 4 6 0 982 150 4 0 203 170 17 12 586 12 3 0 42 3 5731 0 0 7 0 0 355 1263 7624 
63 3 971 405 227 5233 2 584 3 68 997 0 0 0 0 3 82 2 2 8 147 188 4635 83 0 66 31 102 1001 372 583 
64 25 40 592 232 11 163 1458 923 60 514 21 45 0 32 3777 3777 3777 3777 3777 3777 3777 3777 3777 3777 114 8 6035 139 8271 9584 1737 
65 91 2373 9 23 336 398 408 311 18 625 17 1 6 9 3989 0 1 1 298 0 2944 4 0 17 329 5345 294 0 236 155 3244 5482 
66 150 6684 52 6220 20 1 3 0 0 2 2 2 2 2 2 2 2 2 2 2 2 2 2 2 2 2 2 2 2 2 2 2 8 126 554 138 
67 5357 32 1003 0 1207 3854 2838 114 114 114 114 114 114 114 114 114 114 114 114 114 114 114 114 114 114 114 114 114 114 114 114 114 114 114 114 114 114 114 114 114 114 114 114 114 114 114 114 114 114 114 114 114 114 114 114 114 114 114 114 114 114 114 114 114 114 114 114 114 114 114 114 114 114 114 114 114 114 114 114 114 114 114 114 114 114 114 114 114 114 114 114 114 
68 25 851 8025 22 191 46 1140 134 31 112 7 7 7105 48 100 6188 19 181 1463 964 20 377 331 70 6 49 12 49 6 8 31 631 155 69 554 
69 0 0 240 56 2919 5954 11 0 4734 2201 3247 4 588 2 633 5 4 1 50 1 1010 4834 1205 2551 5 4 3 146 70 8 2616 
70 1 4 2425 16 3 53 0 2207 204 4 1889 5364 43 1 6005 0 660 0 14 15 2 1 1 1917 47 4 47 17 8 1954 708 3244 
71 0 7306 375 1442 5 0 2359 1721 636 1825 0 39 241 35 19 1157 441 0 4921 546 1882 3512 0 799 2 30 2 21 19 164 19 51 4031 114 8 2591 
72 1 1 1 1 1 1 1 1 1 1 1 1 1 1 1 1 1 1 6 7712 6656 708 
73 114 114 114 114 114 114 114 114 114 114 114 114 114 114 114 114 114 114 114 114 114 114 114 114 114 114 114 114 114 114 114 114 114 114 114 114 114 114 114 114 114 114 114 114 114 114 114 114 114 114 114 114 114 114 114 114 114 114 114 114 114 114 114 114 114 114 114 114 114 114 114 114 114 114 114 114 114 114 114 114 114 114 114 114 114 114 114 114 114 114 114 114 114 114 114 114 114 114 114 114 114 114 114 114 114 114 114 114 114 114 114 114 5603 
74 2522 1 130 10 0 179 1416 4216 5 3 26 1532 0 205 1899 3 2 2 85 564 1 71 2 57 443 
75 1 871 868 1 3 16 286 0 3022 14 96 0 1 2 7 262 0 0 7 484 0 2 35 0 1 45 5 104 690 27 3106 138 
76 0 23 12 2 0 1540 1 1215 0 80 0 126 48 16 0 21 389 260 0 341 49 1615 341 4 0 3 4 11 756 27 867 6402 
77 1992 10 271 109 60 8733 658 12 97 645 127 13 10 29 7 12 6 4138 4193 6 1130 177 7 35 464 13 37 90 715 9 199 
78 2 2 2 2 2 2 2 2 2 2 2 2 2 2 2 2 2 2 2 2 2 2 2 2 2 2 2 2 2 2 2 2 2 2 2 2 2 5276 2264 3756 
79 2 0 18 3 1 3 3 2 3 3367 6 1099 222 0 353 584 206 3526 6450 0 159 0 45 1318 436 51 2 1734 485 968 
80 21 1363 15 1 20 121 13 1 35 1 0 82 0 0 601 9759 2 2857 8 202 2127 19 1 0 43 2036 5 2880 97 126 107 7123 236 3244 
81 80 1 111 7 2 37 9 54 7481 194 1177 367 144 30 2 1 12 7 5 595 5 79 0 0 1395 7 1 0 0 4 928 259 1 61 907 120 554 
82 1 1 1 1 1 1 1 1 1 1 1 1 1 1 1 1 1 1 9 14 4514 524 138 
83 90 105 1072 0 33 12 160 170 61 7 168 842 5929 2408 1 2 1 130 1 162 637 15 513 214 15 81 4300 631 
84 75 514 272 1389 12 26 76 599 92 405 31 21 68 21 34 45 635 24 31 2629 19 4 9 264 0 6 20 32 6656 708 
85 1 9948 0 0 0 0 0 0 0 0 0 0 0 0 0 0 0 0 0 0 6 7 252 1070 
86 1 1 1 1 1 1 1 1 1 1 1 1 1 1 1 1 1 1 16 8 404 
87 0 24 994 1725 0 1368 11 24 0 0 2428 8732 3 4738 30 1248 1 1 543 1 210 99 177 0 0 9 2045 197 138 
88 0 137 714 67 30 501 7475 39 747 3 7315 2715 291 3175 326 5 9 5 409 4 632 1 5 977 2 871 8 4 99 1 139 1027 2271 9542 11 120 
89 114 114 114 114 114 114 114 114 114 114 114 114 114 114 114 114 114 114 114 114 114 114 114 114 114 114 114 114 114 114 114 114 114 114 114 114 114 114 114 114 114 114 114 114 114 114 114 114 114 114 114 114 114 114 114 114 114 114 114 114 114 114 114 114 114 114 114 114 114 114 114 114 114 114 114 114 114 114 114 114 114 114 114 114 114 114 114 114 114 114 114 114 114 114 114 114 114 114 114 114 114 114 114 114 114 114 114 114 114 114 114 114 725 873 155 
90 5127 105 34 3516 6 1402 6 4223 399 8773 2359 0 445 8355 2 5041 2 2 9 0 1 1 23 5 125 1 988 5137 102 330 4171 
91 2 3 29 452 338 6 5 1 4581 16 1 2 0 1264 680 202 60 15 2236 125 13 0 85 1932 93 2 22 1452 3684 
92 2 10 2108 1033 4135 0 555 1 299 5136 10 5 34 4577 26 251 6 965 615 4 2 1 227 0 6 0 95 5661 6459 6698 
93 3777 3777 3777 3777 3777 3777 3777 3777 3777 3777 3777 3777 3777 3777 3777 3777 3777 3777 3777 3777 3777 3777 2 3158 1098 
94 0 0 54 0 1289 34 97 45 77 3124 15 3878 7 0 252 7 0 13 0 2428 0 0 967 1389 259 5 0 67 1 1604 155 554 2486 
95 0 13 1776 240 34 391 119 1732 1 49 36 2014 0 8952 636 87 23 1974 2 161 1 1 2 2 103 1993 373 1880 812 8 9 1876 583 138 
96 0 4444 1 146 0 249 854 5195 891 1 41 2294 0 329 9 9782 23 137 26 86 10 6 1 3237 355 0 257 28 10 404 709 138 2818 
97 1 1 1 1 1 1 1 1 1 1 1 1 1 1 1 1 1 1 363 6102 138 5381 
98 82 1787 1517 216 2490 0 0 136 1 0 20 51 0 1 1358 1 4 68 0 112 53 5 1 15 13 65 1263 3097 
99 43 43 43 43 43 43 43 43 43 43 43 43 43 43 43 43 43 36 1756 252 138 583 
